{"C:\\Users\\alema\\Documents\\projetos\\_pessoal\\artifact-test\\src\\index.ts": {"path":"C:\\Users\\alema\\Documents\\projetos\\_pessoal\\artifact-test\\src\\index.ts","all":false,"statementMap":{"0":{"start":{"line":1,"column":0},"end":{"line":1,"column":21}},"1":{"start":{"line":2,"column":0},"end":{"line":2,"column":34}},"2":{"start":{"line":3,"column":0},"end":{"line":3,"column":23}},"3":{"start":{"line":4,"column":0},"end":{"line":4,"column":30}},"4":{"start":{"line":5,"column":0},"end":{"line":5,"column":5}},"5":{"start":{"line":6,"column":0},"end":{"line":6,"column":18}},"6":{"start":{"line":7,"column":0},"end":{"line":7,"column":3}},"7":{"start":{"line":8,"column":0},"end":{"line":8,"column":1}}},"s":{"0":1,"1":1,"2":2,"3":1,"4":1,"5":1,"6":1,"7":1},"branchMap":{"0":{"type":"branch","line":2,"loc":{"start":{"line":2,"column":9},"end":{"line":7,"column":3}},"locations":[{"start":{"line":2,"column":9},"end":{"line":7,"column":3}}]},"1":{"type":"branch","line":3,"loc":{"start":{"line":3,"column":22},"end":{"line":7,"column":3}},"locations":[{"start":{"line":3,"column":22},"end":{"line":7,"column":3}}]}},"b":{"0":[2],"1":[1]},"fnMap":{"0":{"name":"execute","decl":{"start":{"line":2,"column":9},"end":{"line":7,"column":3}},"loc":{"start":{"line":2,"column":9},"end":{"line":7,"column":3}},"line":2}},"f":{"0":2}}
}
